# JRE version: OpenJDK Runtime Environment (21.0.4) (build 21.0.4+-12508038-b607.1)
# Java VM: OpenJDK 64-Bit Server VM (21.0.4+-12508038-b607.1, mixed mode, tiered, compressed oops, compressed class ptrs, g1 gc, windows-amd64)
GC Precious Log:
 CardTable entry size: 512
 Card Set container configuration: InlinePtr #cards 5 size 8 Array Of Cards #cards 12 size 40 Howl #buckets 4 coarsen threshold 1843 Howl Bitmap #cards 512 size 80 coarsen threshold 460 Card regions per heap region 1 cards per card region 2048
 CPUs: 4 total, 4 available
 Memory: 8057M
 Large Page Support: Disabled
 NUMA Support: Disabled
 Compressed Oops: Enabled (32-bit)
 Heap Region Size: 1M
 Heap Min Capacity: 8M
 Heap Initial Capacity: 126M
 Heap Max Capacity: 2G
 Pre-touch: Disabled
 Parallel Workers: 4
 Concurrent Workers: 1
 Concurrent Refinement Workers: 4
 Periodic GC: Disabled
Heap:
 garbage-first heap   total 478208K, used 222162K [0x0000000080000000, 0x0000000100000000)
  region size 1024K, 15 young (15360K), 15 survivors (15360K)
 Metaspace       used 142679K, committed 144256K, reserved 1179648K
  class space    used 18460K, committed 19264K, reserved 1048576K
GC Heap History (20 events):
Event: 7091.219 GC heap after
{Heap after GC invocations=98 (full 0):
 garbage-first heap   total 478208K, used 184992K [0x0000000080000000, 0x0000000100000000)
  region size 1024K, 2 young (2048K), 2 survivors (2048K)
 Metaspace       used 133967K, committed 135424K, reserved 1179648K
  class space    used 17200K, committed 17920K, reserved 1048576K
}
Event: 7091.830 GC heap before
{Heap before GC invocations=98 (full 0):
 garbage-first heap   total 478208K, used 205472K [0x0000000080000000, 0x0000000100000000)
  region size 1024K, 23 young (23552K), 2 survivors (2048K)
 Metaspace       used 134081K, committed 135552K, reserved 1179648K
  class space    used 17218K, committed 17984K, reserved 1048576K
}
Event: 7091.838 GC heap after
{Heap after GC invocations=99 (full 0):
 garbage-first heap   total 478208K, used 185059K [0x0000000080000000, 0x0000000100000000)
  region size 1024K, 1 young (1024K), 1 survivors (1024K)
 Metaspace       used 134081K, committed 135552K, reserved 1179648K
  class space    used 17218K, committed 17984K, reserved 1048576K
}
Event: 7092.084 GC heap before
{Heap before GC invocations=100 (full 0):
 garbage-first heap   total 478208K, used 206563K [0x0000000080000000, 0x0000000100000000)
  region size 1024K, 23 young (23552K), 1 survivors (1024K)
 Metaspace       used 134265K, committed 135744K, reserved 1179648K
  class space    used 17239K, committed 17984K, reserved 1048576K
}
Event: 7092.094 GC heap after
{Heap after GC invocations=101 (full 0):
 garbage-first heap   total 478208K, used 185263K [0x0000000080000000, 0x0000000100000000)
  region size 1024K, 1 young (1024K), 1 survivors (1024K)
 Metaspace       used 134265K, committed 135744K, reserved 1179648K
  class space    used 17239K, committed 17984K, reserved 1048576K
}
Event: 7094.645 GC heap before
{Heap before GC invocations=101 (full 0):
 garbage-first heap   total 478208K, used 291759K [0x0000000080000000, 0x0000000100000000)
  region size 1024K, 106 young (108544K), 1 survivors (1024K)
 Metaspace       used 134413K, committed 135872K, reserved 1179648K
  class space    used 17249K, committed 17984K, reserved 1048576K
}
Event: 7094.663 GC heap after
{Heap after GC invocations=102 (full 0):
 garbage-first heap   total 478208K, used 192757K [0x0000000080000000, 0x0000000100000000)
  region size 1024K, 10 young (10240K), 10 survivors (10240K)
 Metaspace       used 134413K, committed 135872K, reserved 1179648K
  class space    used 17249K, committed 17984K, reserved 1048576K
}
Event: 7094.882 GC heap before
{Heap before GC invocations=102 (full 0):
 garbage-first heap   total 478208K, used 205045K [0x0000000080000000, 0x0000000100000000)
  region size 1024K, 23 young (23552K), 10 survivors (10240K)
 Metaspace       used 134413K, committed 135872K, reserved 1179648K
  class space    used 17249K, committed 17984K, reserved 1048576K
}
Event: 7094.966 GC heap after
{Heap after GC invocations=103 (full 0):
 garbage-first heap   total 478208K, used 194280K [0x0000000080000000, 0x0000000100000000)
  region size 1024K, 3 young (3072K), 3 survivors (3072K)
 Metaspace       used 134413K, committed 135872K, reserved 1179648K
  class space    used 17249K, committed 17984K, reserved 1048576K
}
Event: 7097.282 GC heap before
{Heap before GC invocations=103 (full 0):
 garbage-first heap   total 478208K, used 278248K [0x0000000080000000, 0x0000000100000000)
  region size 1024K, 86 young (88064K), 3 survivors (3072K)
 Metaspace       used 134703K, committed 136192K, reserved 1179648K
  class space    used 17289K, committed 18048K, reserved 1048576K
}
Event: 7097.296 GC heap after
{Heap after GC invocations=104 (full 0):
 garbage-first heap   total 478208K, used 197682K [0x0000000080000000, 0x0000000100000000)
  region size 1024K, 7 young (7168K), 7 survivors (7168K)
 Metaspace       used 134703K, committed 136192K, reserved 1179648K
  class space    used 17289K, committed 18048K, reserved 1048576K
}
Event: 7098.623 GC heap before
{Heap before GC invocations=104 (full 0):
 garbage-first heap   total 478208K, used 277554K [0x0000000080000000, 0x0000000100000000)
  region size 1024K, 83 young (84992K), 7 survivors (7168K)
 Metaspace       used 134893K, committed 136384K, reserved 1179648K
  class space    used 17312K, committed 18112K, reserved 1048576K
}
Event: 7098.637 GC heap after
{Heap after GC invocations=105 (full 0):
 garbage-first heap   total 478208K, used 196844K [0x0000000080000000, 0x0000000100000000)
  region size 1024K, 5 young (5120K), 5 survivors (5120K)
 Metaspace       used 134893K, committed 136384K, reserved 1179648K
  class space    used 17312K, committed 18112K, reserved 1048576K
}
Event: 7146.406 GC heap before
{Heap before GC invocations=105 (full 0):
 garbage-first heap   total 478208K, used 446700K [0x0000000080000000, 0x0000000100000000)
  region size 1024K, 250 young (256000K), 5 survivors (5120K)
 Metaspace       used 135312K, committed 136896K, reserved 1179648K
  class space    used 17367K, committed 18176K, reserved 1048576K
}
Event: 7146.423 GC heap after
{Heap after GC invocations=106 (full 0):
 garbage-first heap   total 478208K, used 199551K [0x0000000080000000, 0x0000000100000000)
  region size 1024K, 8 young (8192K), 8 survivors (8192K)
 Metaspace       used 135312K, committed 136896K, reserved 1179648K
  class space    used 17367K, committed 18176K, reserved 1048576K
}
Event: 7150.877 GC heap before
{Heap before GC invocations=106 (full 0):
 garbage-first heap   total 478208K, used 214911K [0x0000000080000000, 0x0000000100000000)
  region size 1024K, 23 young (23552K), 8 survivors (8192K)
 Metaspace       used 135732K, committed 137344K, reserved 1179648K
  class space    used 17429K, committed 18240K, reserved 1048576K
}
Event: 7150.970 GC heap after
{Heap after GC invocations=107 (full 0):
 garbage-first heap   total 478208K, used 202210K [0x0000000080000000, 0x0000000100000000)
  region size 1024K, 3 young (3072K), 3 survivors (3072K)
 Metaspace       used 135732K, committed 137344K, reserved 1179648K
  class space    used 17429K, committed 18240K, reserved 1048576K
}
Event: 7151.673 GC heap before
{Heap before GC invocations=108 (full 0):
 garbage-first heap   total 478208K, used 221666K [0x0000000080000000, 0x0000000100000000)
  region size 1024K, 23 young (23552K), 3 survivors (3072K)
 Metaspace       used 135791K, committed 137344K, reserved 1179648K
  class space    used 17439K, committed 18240K, reserved 1048576K
}
Event: 7151.698 GC heap after
{Heap after GC invocations=109 (full 0):
 garbage-first heap   total 478208K, used 206848K [0x0000000080000000, 0x0000000100000000)
  region size 1024K, 3 young (3072K), 3 survivors (3072K)
 Metaspace       used 135791K, committed 137344K, reserved 1179648K
  class space    used 17439K, committed 18240K, reserved 1048576K
}
Event: 7185.429 GC heap before
{Heap before GC invocations=109 (full 0):
 garbage-first heap   total 478208K, used 324608K [0x0000000080000000, 0x0000000100000000)
  region size 1024K, 119 young (121856K), 3 survivors (3072K)
 Metaspace       used 142679K, committed 144256K, reserved 1179648K
  class space    used 18460K, committed 19264K, reserved 1048576K
}

