# JRE version: OpenJDK Runtime Environment (21.0.4) (build 21.0.4+-12508038-b607.1)
# Java VM: OpenJDK 64-Bit Server VM (21.0.4+-12508038-b607.1, mixed mode, tiered, compressed oops, compressed class ptrs, g1 gc, windows-amd64)
GC Precious Log:
 CardTable entry size: 512
 Card Set container configuration: InlinePtr #cards 5 size 8 Array Of Cards #cards 12 size 40 Howl #buckets 4 coarsen threshold 1843 Howl Bitmap #cards 512 size 80 coarsen threshold 460 Card regions per heap region 1 cards per card region 2048
 CPUs: 4 total, 4 available
 Memory: 8057M
 Large Page Support: Disabled
 NUMA Support: Disabled
 Compressed Oops: Enabled (32-bit)
 Heap Region Size: 1M
 Heap Min Capacity: 8M
 Heap Initial Capacity: 126M
 Heap Max Capacity: 2G
 Pre-touch: Disabled
 Parallel Workers: 4
 Concurrent Workers: 1
 Concurrent Refinement Workers: 4
 Periodic GC: Disabled
Heap:
 garbage-first heap   total 368640K, used 268385K [0x0000000080000000, 0x0000000100000000)
  region size 1024K, 56 young (57344K), 5 survivors (5120K)
 Metaspace       used 164109K, committed 165568K, reserved 1245184K
  class space    used 21782K, committed 22528K, reserved 1048576K
GC Heap History (20 events):
Event: 2405.028 GC heap before
{Heap before GC invocations=61 (full 0):
 garbage-first heap   total 283648K, used 241463K [0x0000000080000000, 0x0000000100000000)
  region size 1024K, 79 young (80896K), 8 survivors (8192K)
 Metaspace       used 124641K, committed 126976K, reserved 1179648K
  class space    used 16585K, committed 17792K, reserved 1048576K
}
Event: 2405.046 GC heap after
{Heap after GC invocations=62 (full 0):
 garbage-first heap   total 283648K, used 172019K [0x0000000080000000, 0x0000000100000000)
  region size 1024K, 3 young (3072K), 3 survivors (3072K)
 Metaspace       used 124641K, committed 126976K, reserved 1179648K
  class space    used 16585K, committed 17792K, reserved 1048576K
}
Event: 3307.807 GC heap before
{Heap before GC invocations=62 (full 0):
 garbage-first heap   total 283648K, used 261107K [0x0000000080000000, 0x0000000100000000)
  region size 1024K, 91 young (93184K), 3 survivors (3072K)
 Metaspace       used 125659K, committed 128000K, reserved 1179648K
  class space    used 16676K, committed 17856K, reserved 1048576K
}
Event: 3307.829 GC heap after
{Heap after GC invocations=63 (full 0):
 garbage-first heap   total 283648K, used 176636K [0x0000000080000000, 0x0000000100000000)
  region size 1024K, 7 young (7168K), 7 survivors (7168K)
 Metaspace       used 125659K, committed 128000K, reserved 1179648K
  class space    used 16676K, committed 17856K, reserved 1048576K
}
Event: 3315.776 GC heap before
{Heap before GC invocations=63 (full 0):
 garbage-first heap   total 283648K, used 261628K [0x0000000080000000, 0x0000000100000000)
  region size 1024K, 89 young (91136K), 7 survivors (7168K)
 Metaspace       used 129562K, committed 131904K, reserved 1179648K
  class space    used 17273K, committed 18496K, reserved 1048576K
}
Event: 3315.822 GC heap after
{Heap after GC invocations=64 (full 0):
 garbage-first heap   total 284672K, used 191488K [0x0000000080000000, 0x0000000100000000)
  region size 1024K, 12 young (12288K), 12 survivors (12288K)
 Metaspace       used 129562K, committed 131904K, reserved 1179648K
  class space    used 17273K, committed 18496K, reserved 1048576K
}
Event: 3318.172 GC heap before
{Heap before GC invocations=64 (full 0):
 garbage-first heap   total 284672K, used 235520K [0x0000000080000000, 0x0000000100000000)
  region size 1024K, 57 young (58368K), 12 survivors (12288K)
 Metaspace       used 131066K, committed 133504K, reserved 1179648K
  class space    used 17438K, committed 18688K, reserved 1048576K
}
Event: 3318.215 GC heap after
{Heap after GC invocations=65 (full 0):
 garbage-first heap   total 284672K, used 210944K [0x0000000080000000, 0x0000000100000000)
  region size 1024K, 10 young (10240K), 10 survivors (10240K)
 Metaspace       used 131066K, committed 133504K, reserved 1179648K
  class space    used 17438K, committed 18688K, reserved 1048576K
}
Event: 3321.574 GC heap before
{Heap before GC invocations=66 (full 0):
 garbage-first heap   total 368640K, used 266240K [0x0000000080000000, 0x0000000100000000)
  region size 1024K, 51 young (52224K), 10 survivors (10240K)
 Metaspace       used 130694K, committed 133696K, reserved 1179648K
  class space    used 17042K, committed 18688K, reserved 1048576K
}
Event: 3321.603 GC heap after
{Heap after GC invocations=67 (full 0):
 garbage-first heap   total 368640K, used 214016K [0x0000000080000000, 0x0000000100000000)
  region size 1024K, 4 young (4096K), 4 survivors (4096K)
 Metaspace       used 130694K, committed 133696K, reserved 1179648K
  class space    used 17042K, committed 18688K, reserved 1048576K
}
Event: 3325.568 GC heap before
{Heap before GC invocations=67 (full 0):
 garbage-first heap   total 368640K, used 305152K [0x0000000080000000, 0x0000000100000000)
  region size 1024K, 94 young (96256K), 4 survivors (4096K)
 Metaspace       used 132450K, committed 134592K, reserved 1179648K
  class space    used 17236K, committed 18688K, reserved 1048576K
}
Event: 3325.595 GC heap after
{Heap after GC invocations=68 (full 0):
 garbage-first heap   total 368640K, used 206807K [0x0000000080000000, 0x0000000100000000)
  region size 1024K, 9 young (9216K), 9 survivors (9216K)
 Metaspace       used 132450K, committed 134592K, reserved 1179648K
  class space    used 17236K, committed 18688K, reserved 1048576K
}
Event: 3366.136 GC heap before
{Heap before GC invocations=68 (full 0):
 garbage-first heap   total 368640K, used 314327K [0x0000000080000000, 0x0000000100000000)
  region size 1024K, 115 young (117760K), 9 survivors (9216K)
 Metaspace       used 134162K, committed 136064K, reserved 1179648K
  class space    used 17454K, committed 18688K, reserved 1048576K
}
Event: 3366.163 GC heap after
{Heap after GC invocations=69 (full 0):
 garbage-first heap   total 368640K, used 213727K [0x0000000080000000, 0x0000000100000000)
  region size 1024K, 14 young (14336K), 14 survivors (14336K)
 Metaspace       used 134162K, committed 136064K, reserved 1179648K
  class space    used 17454K, committed 18688K, reserved 1048576K
}
Event: 3371.099 GC heap before
{Heap before GC invocations=70 (full 0):
 garbage-first heap   total 368640K, used 322271K [0x0000000080000000, 0x0000000100000000)
  region size 1024K, 119 young (121856K), 14 survivors (14336K)
 Metaspace       used 144281K, committed 145664K, reserved 1179648K
  class space    used 18837K, committed 19520K, reserved 1048576K
}
Event: 3371.157 GC heap after
{Heap after GC invocations=71 (full 0):
 garbage-first heap   total 368640K, used 230400K [0x0000000080000000, 0x0000000100000000)
  region size 1024K, 15 young (15360K), 15 survivors (15360K)
 Metaspace       used 144281K, committed 145664K, reserved 1179648K
  class space    used 18837K, committed 19520K, reserved 1048576K
}
Event: 3384.623 GC heap before
{Heap before GC invocations=71 (full 0):
 garbage-first heap   total 368640K, used 323584K [0x0000000080000000, 0x0000000100000000)
  region size 1024K, 105 young (107520K), 15 survivors (15360K)
 Metaspace       used 152552K, committed 153920K, reserved 1245184K
  class space    used 20010K, committed 20736K, reserved 1048576K
}
Event: 3384.676 GC heap after
{Heap after GC invocations=72 (full 0):
 garbage-first heap   total 368640K, used 218112K [0x0000000080000000, 0x0000000100000000)
  region size 1024K, 10 young (10240K), 10 survivors (10240K)
 Metaspace       used 152552K, committed 153920K, reserved 1245184K
  class space    used 20010K, committed 20736K, reserved 1048576K
}
Event: 3389.430 GC heap before
{Heap before GC invocations=72 (full 0):
 garbage-first heap   total 368640K, used 320512K [0x0000000080000000, 0x0000000100000000)
  region size 1024K, 112 young (114688K), 10 survivors (10240K)
 Metaspace       used 161734K, committed 163136K, reserved 1245184K
  class space    used 21354K, committed 22080K, reserved 1048576K
}
Event: 3389.452 GC heap after
{Heap after GC invocations=73 (full 0):
 garbage-first heap   total 368640K, used 220257K [0x0000000080000000, 0x0000000100000000)
  region size 1024K, 5 young (5120K), 5 survivors (5120K)
 Metaspace       used 161734K, committed 163136K, reserved 1245184K
  class space    used 21354K, committed 22080K, reserved 1048576K
}

